0 verbose cli C:\Program Files\nodejs\node.exe C:\Users\M.LAPTOP\AppData\Roaming\npm\node_modules\npm\bin\npm-cli.js
1 info using npm@9.5.0
2 info using node@v16.15.0
3 timing npm:load:whichnode Completed in 1ms
4 timing config:load:defaults Completed in 2ms
5 timing config:load:file:C:\Users\M.LAPTOP\AppData\Roaming\npm\node_modules\npm\npmrc Completed in 2ms
6 timing config:load:builtin Completed in 2ms
7 timing config:load:cli Completed in 3ms
8 timing config:load:env Completed in 1ms
9 timing config:load:file:F:\React Native\Aaa\newProject\.npmrc Completed in 0ms
10 timing config:load:project Completed in 2ms
11 timing config:load:file:C:\Users\M.LAPTOP\.npmrc Completed in 1ms
12 timing config:load:user Completed in 1ms
13 timing config:load:file:C:\Users\M.LAPTOP\AppData\Roaming\npm\etc\npmrc Completed in 0ms
14 timing config:load:global Completed in 1ms
15 timing config:load:setEnvs Completed in 1ms
16 timing config:load Completed in 14ms
17 timing npm:load:configload Completed in 14ms
18 timing npm:load:mkdirpcache Completed in 0ms
19 timing npm:load:mkdirplogs Completed in 0ms
20 verbose title npm start
21 verbose argv "start" "--cache" "clean" "--force"
22 timing npm:load:setTitle Completed in 2ms
23 timing config:load:flatten Completed in 5ms
24 timing npm:load:display Completed in 6ms
25 verbose logfile logs-max:10 dir:F:\React Native\Aaa\newProject\clean\_logs\2023-02-16T02_31_11_635Z-
26 verbose logfile F:\React Native\Aaa\newProject\clean\_logs\2023-02-16T02_31_11_635Z-debug-0.log
27 timing npm:load:logFile Completed in 10ms
28 timing npm:load:timers Completed in 0ms
29 timing npm:load:configScope Completed in 0ms
30 warn using --force Recommended protections disabled.
31 timing npm:load Completed in 41ms
32 silly logfile done cleaning log files
33 timing command:run-script Completed in 234901ms
34 timing command:start Completed in 234915ms
35 verbose exit 0
36 timing npm Completed in 234972ms
37 info ok
